2025-01-03 12:00:13 - matplotlib - DEBUG - matplotlib data path: /home/user/.local/lib/python3.10/site-packages/matplotlib/mpl-data
2025-01-03 12:00:13 - matplotlib - DEBUG - CONFIGDIR=/home/user/.config/matplotlib
2025-01-03 12:00:13 - matplotlib - DEBUG - interactive is False
2025-01-03 12:00:13 - matplotlib - DEBUG - platform is linux
2025-01-03 12:00:14 - matplotlib - DEBUG - CACHEDIR=/home/user/.cache/matplotlib
2025-01-03 12:00:14 - matplotlib.font_manager - DEBUG - Using fontManager instance from /home/user/.cache/matplotlib/fontlist-v390.json
2025-01-03 12:00:14 - Config.configuration - INFO - Dropped duplicates
2025-01-03 12:00:14 - Config.configuration - INFO - Encoded categorical variables
2025-01-03 12:00:14 - Config.configuration - INFO - Dropped unnecessary features
2025-01-03 12:00:14 - Config.configuration - INFO - Split data into train and test
2025-01-03 12:00:14 - Config.configuration - INFO - Split data into train and test
2025-01-03 12:00:14 - matplotlib.pyplot - DEBUG - Loaded backend qtagg version 5.15.10.
2025-01-03 12:00:14 - matplotlib.category - INFO - Using categorical units to plot a list of strings that are all parsable as floats or dates. If these strings should be plotted as numbers, cast to the appropriate data type before plotting.
2025-01-03 12:00:14 - matplotlib.category - INFO - Using categorical units to plot a list of strings that are all parsable as floats or dates. If these strings should be plotted as numbers, cast to the appropriate data type before plotting.
2025-01-03 12:00:28 - Config.configuration - INFO - Count plot is visualized
2025-01-03 12:00:28 - matplotlib.colorbar - DEBUG - locator: <matplotlib.ticker.AutoLocator object at 0x7d067b2bfa60>
2025-01-03 12:00:35 - Config.configuration - INFO - Correlation matrix is visualized
2025-01-03 12:00:39 - Config.configuration - INFO - Histplots are visualized
2025-01-03 12:00:41 - Config.configuration - INFO - Box plot is visualized
2025-01-03 12:00:54 - Config.configuration - INFO - Pairplot is visualized
2025-01-03 12:00:54 - Config.configuration - INFO - Data sent into pipeline for training
2025-01-03 12:02:04 - Config.configuration - INFO - Hyperparameter tuning is completed after grid search finds the best parameters
2025-01-03 12:02:04 - Config.configuration - INFO - Training accuracy is calculated
2025-01-03 12:02:04 - Config.configuration - INFO - Model is evaluated with best parameters
2025-01-03 12:06:05 - werkzeug - INFO - [31m[1mWARNING: This is a development server. Do not use it in a production deployment. Use a production WSGI server instead.[0m
 * Running on http://127.0.0.1:5000
2025-01-03 12:06:05 - werkzeug - INFO - [33mPress CTRL+C to quit[0m
2025-01-03 12:06:05 - werkzeug - INFO -  * Restarting with stat
2025-01-03 12:06:06 - werkzeug - WARNING -  * Debugger is active!
2025-01-03 12:06:06 - werkzeug - INFO -  * Debugger PIN: 127-118-519
2025-01-03 12:06:34 - modular.Config.configuration - INFO - Home page loaded
2025-01-03 12:06:34 - werkzeug - INFO - 127.0.0.1 - - [03/Jan/2025 12:06:34] "GET / HTTP/1.1" 200 -
2025-01-03 12:06:34 - werkzeug - INFO - 127.0.0.1 - - [03/Jan/2025 12:06:34] "[36mGET /static/styles.css HTTP/1.1[0m" 304 -
2025-01-03 12:06:57 - modular.Config.configuration - INFO - Home page loaded
2025-01-03 12:06:57 - werkzeug - INFO - 127.0.0.1 - - [03/Jan/2025 12:06:57] "GET / HTTP/1.1" 200 -
2025-01-03 12:06:57 - werkzeug - INFO - 127.0.0.1 - - [03/Jan/2025 12:06:57] "[36mGET /static/styles.css HTTP/1.1[0m" 304 -
2025-01-06 12:45:59 - matplotlib - DEBUG - matplotlib data path: /home/user/.local/lib/python3.10/site-packages/matplotlib/mpl-data
2025-01-06 12:45:59 - matplotlib - DEBUG - CONFIGDIR=/home/user/.config/matplotlib
2025-01-06 12:45:59 - matplotlib - DEBUG - interactive is False
2025-01-06 12:45:59 - matplotlib - DEBUG - platform is linux
2025-01-06 12:45:59 - matplotlib - DEBUG - CACHEDIR=/home/user/.cache/matplotlib
2025-01-06 12:45:59 - matplotlib.font_manager - DEBUG - Using fontManager instance from /home/user/.cache/matplotlib/fontlist-v390.json
2025-01-06 12:46:04 - Config.configuration - INFO - Dropped duplicates
2025-01-06 12:46:04 - Config.configuration - INFO - Encoded categorical variables
2025-01-06 12:46:04 - Config.configuration - INFO - Dropped unnecessary features
2025-01-06 12:46:04 - Config.configuration - INFO - Split data into train and test
2025-01-06 12:46:04 - Config.configuration - INFO - Split data into train and test
2025-01-06 12:46:04 - matplotlib.pyplot - DEBUG - Loaded backend qtagg version 5.15.10.
2025-01-06 12:46:04 - matplotlib.category - INFO - Using categorical units to plot a list of strings that are all parsable as floats or dates. If these strings should be plotted as numbers, cast to the appropriate data type before plotting.
2025-01-06 12:46:04 - matplotlib.category - INFO - Using categorical units to plot a list of strings that are all parsable as floats or dates. If these strings should be plotted as numbers, cast to the appropriate data type before plotting.
2025-01-06 13:00:04 - matplotlib - DEBUG - matplotlib data path: /home/user/.local/lib/python3.10/site-packages/matplotlib/mpl-data
2025-01-06 13:00:04 - matplotlib - DEBUG - CONFIGDIR=/home/user/.config/matplotlib
2025-01-06 13:00:04 - matplotlib - DEBUG - interactive is False
2025-01-06 13:00:04 - matplotlib - DEBUG - platform is linux
2025-01-06 13:00:04 - matplotlib - DEBUG - CACHEDIR=/home/user/.cache/matplotlib
2025-01-06 13:00:04 - matplotlib.font_manager - DEBUG - Using fontManager instance from /home/user/.cache/matplotlib/fontlist-v390.json
2025-01-06 13:01:15 - matplotlib - DEBUG - matplotlib data path: /home/user/.local/lib/python3.10/site-packages/matplotlib/mpl-data
2025-01-06 13:01:15 - matplotlib - DEBUG - CONFIGDIR=/home/user/.config/matplotlib
2025-01-06 13:01:15 - matplotlib - DEBUG - interactive is False
2025-01-06 13:01:15 - matplotlib - DEBUG - platform is linux
2025-01-06 13:01:15 - matplotlib - DEBUG - CACHEDIR=/home/user/.cache/matplotlib
2025-01-06 13:01:15 - matplotlib.font_manager - DEBUG - Using fontManager instance from /home/user/.cache/matplotlib/fontlist-v390.json
2025-01-06 13:01:19 - Config.configuration - INFO - Dropped duplicates
2025-01-06 13:01:19 - Config.configuration - INFO - Encoded categorical variables
2025-01-06 13:01:19 - Config.configuration - INFO - Dropped unnecessary features
2025-01-06 13:01:19 - Config.configuration - INFO - Split data into train and test
2025-01-06 13:01:19 - Config.configuration - INFO - Split data into train and test
2025-01-06 13:01:19 - matplotlib.pyplot - DEBUG - Loaded backend qtagg version 5.15.10.
2025-01-06 13:01:19 - matplotlib.category - INFO - Using categorical units to plot a list of strings that are all parsable as floats or dates. If these strings should be plotted as numbers, cast to the appropriate data type before plotting.
2025-01-06 13:01:19 - matplotlib.category - INFO - Using categorical units to plot a list of strings that are all parsable as floats or dates. If these strings should be plotted as numbers, cast to the appropriate data type before plotting.
2025-01-06 13:01:22 - Config.configuration - INFO - Count plot is visualized
2025-01-06 13:01:22 - matplotlib.colorbar - DEBUG - locator: <matplotlib.ticker.AutoLocator object at 0x7bd09c160cd0>
2025-01-06 13:01:50 - Config.configuration - INFO - Correlation matrix is visualized
2025-01-06 13:01:54 - Config.configuration - INFO - Histplots are visualized
2025-01-06 13:01:56 - Config.configuration - INFO - Box plot is visualized
2025-01-06 13:02:10 - Config.configuration - INFO - Pairplot is visualized
2025-01-06 13:02:10 - Config.configuration - INFO - Data sent into pipeline for training
2025-01-06 13:03:24 - Config.configuration - INFO - Hyperparameter tuning is completed after grid search finds the best parameters
2025-01-06 13:03:24 - Config.configuration - INFO - Training accuracy is calculated
2025-01-06 13:03:24 - Config.configuration - INFO - Model is evaluated with best parameters
2025-01-06 13:07:11 - matplotlib - DEBUG - matplotlib data path: /home/user/.local/lib/python3.10/site-packages/matplotlib/mpl-data
2025-01-06 13:07:11 - matplotlib - DEBUG - CONFIGDIR=/home/user/.config/matplotlib
2025-01-06 13:07:11 - matplotlib - DEBUG - interactive is False
2025-01-06 13:07:11 - matplotlib - DEBUG - platform is linux
2025-01-06 13:07:11 - matplotlib - DEBUG - CACHEDIR=/home/user/.cache/matplotlib
2025-01-06 13:07:11 - matplotlib.font_manager - DEBUG - Using fontManager instance from /home/user/.cache/matplotlib/fontlist-v390.json
2025-01-06 13:07:15 - Config.configuration - INFO - Dropped duplicates
2025-01-06 13:07:15 - Config.configuration - INFO - Encoded categorical variables
2025-01-06 13:07:15 - Config.configuration - INFO - Dropped unnecessary features
2025-01-06 13:07:15 - Config.configuration - INFO - Split data into train and test
2025-01-06 13:07:15 - Config.configuration - INFO - Split data into train and test
2025-01-06 13:07:15 - matplotlib.pyplot - DEBUG - Loaded backend qtagg version 5.15.10.
2025-01-06 13:07:15 - matplotlib.category - INFO - Using categorical units to plot a list of strings that are all parsable as floats or dates. If these strings should be plotted as numbers, cast to the appropriate data type before plotting.
2025-01-06 13:07:15 - matplotlib.category - INFO - Using categorical units to plot a list of strings that are all parsable as floats or dates. If these strings should be plotted as numbers, cast to the appropriate data type before plotting.
2025-01-06 13:07:17 - Config.configuration - INFO - Count plot is visualized
2025-01-06 13:07:17 - matplotlib.colorbar - DEBUG - locator: <matplotlib.ticker.AutoLocator object at 0x7d8478674d90>
2025-01-06 14:01:38 - matplotlib - DEBUG - matplotlib data path: /home/user/.local/lib/python3.10/site-packages/matplotlib/mpl-data
2025-01-06 14:01:38 - matplotlib - DEBUG - CONFIGDIR=/home/user/.config/matplotlib
2025-01-06 14:01:38 - matplotlib - DEBUG - interactive is False
2025-01-06 14:01:38 - matplotlib - DEBUG - platform is linux
2025-01-06 14:01:38 - matplotlib - DEBUG - CACHEDIR=/home/user/.cache/matplotlib
2025-01-06 14:01:38 - matplotlib.font_manager - DEBUG - Using fontManager instance from /home/user/.cache/matplotlib/fontlist-v390.json
2025-01-06 14:01:43 - Config.configuration - INFO - Dropped duplicates
2025-01-06 14:01:43 - Config.configuration - INFO - Encoded categorical variables
2025-01-06 14:01:43 - Config.configuration - INFO - Dropped unnecessary features
2025-01-06 14:01:43 - Config.configuration - INFO - Split data into train and test
2025-01-06 14:01:43 - Config.configuration - INFO - Split data into train and test
2025-01-06 14:01:43 - matplotlib.pyplot - DEBUG - Loaded backend qtagg version 5.15.10.
2025-01-06 14:01:43 - matplotlib.category - INFO - Using categorical units to plot a list of strings that are all parsable as floats or dates. If these strings should be plotted as numbers, cast to the appropriate data type before plotting.
2025-01-06 14:01:43 - matplotlib.category - INFO - Using categorical units to plot a list of strings that are all parsable as floats or dates. If these strings should be plotted as numbers, cast to the appropriate data type before plotting.
2025-01-06 14:01:45 - Config.configuration - INFO - Count plot is visualized
2025-01-06 14:01:45 - matplotlib.colorbar - DEBUG - locator: <matplotlib.ticker.AutoLocator object at 0x726014088f70>
2025-01-06 14:01:45 - Config.configuration - INFO - Correlation matrix is visualized
2025-01-06 14:01:49 - Config.configuration - INFO - Histplots are visualized
2025-01-06 14:01:50 - Config.configuration - INFO - Box plot is visualized
2025-01-06 14:02:04 - Config.configuration - INFO - Pairplot is visualized
2025-01-06 14:02:04 - Config.configuration - INFO - Data sent into pipeline for training
2025-01-06 14:03:15 - Config.configuration - INFO - Hyperparameter tuning is completed after grid search finds the best parameters
2025-01-06 14:03:16 - Config.configuration - INFO - Training accuracy is calculated
2025-01-06 14:03:16 - Config.configuration - INFO - Model is evaluated with best parameters
2025-01-06 14:13:34 - werkzeug - INFO - [31m[1mWARNING: This is a development server. Do not use it in a production deployment. Use a production WSGI server instead.[0m
 * Running on http://127.0.0.1:5000
2025-01-06 14:13:34 - werkzeug - INFO - [33mPress CTRL+C to quit[0m
2025-01-06 14:13:34 - werkzeug - INFO -  * Restarting with stat
2025-01-06 14:13:35 - werkzeug - WARNING -  * Debugger is active!
2025-01-06 14:13:35 - werkzeug - INFO -  * Debugger PIN: 456-377-415
2025-01-06 14:13:40 - modular.Config.configuration - INFO - Home page loaded
2025-01-06 14:13:40 - werkzeug - INFO - 127.0.0.1 - - [06/Jan/2025 14:13:40] "GET / HTTP/1.1" 200 -
2025-01-06 14:13:40 - werkzeug - INFO - 127.0.0.1 - - [06/Jan/2025 14:13:40] "GET /static/styles.css HTTP/1.1" 200 -
2025-01-06 14:13:40 - werkzeug - INFO - 127.0.0.1 - - [06/Jan/2025 14:13:40] "[33mGET /favicon.ico HTTP/1.1[0m" 404 -
2025-01-06 14:13:49 - werkzeug - INFO - 127.0.0.1 - - [06/Jan/2025 14:13:49] "POST /predict_diabetes HTTP/1.1" 200 -
2025-01-06 14:13:49 - werkzeug - INFO - 127.0.0.1 - - [06/Jan/2025 14:13:49] "[36mGET /static/styles.css HTTP/1.1[0m" 304 -
2025-01-06 14:14:00 - werkzeug - INFO - 127.0.0.1 - - [06/Jan/2025 14:14:00] "POST /predict_diabetes HTTP/1.1" 200 -
2025-01-06 14:14:00 - werkzeug - INFO - 127.0.0.1 - - [06/Jan/2025 14:14:00] "[36mGET /static/styles.css HTTP/1.1[0m" 304 -
2025-01-06 15:25:30 - matplotlib - DEBUG - matplotlib data path: /home/user/anaconda3/envs/myproject/lib/python3.10/site-packages/matplotlib/mpl-data
2025-01-06 15:25:30 - matplotlib - DEBUG - CONFIGDIR=/home/user/.config/matplotlib
2025-01-06 15:25:30 - matplotlib - DEBUG - interactive is False
2025-01-06 15:25:30 - matplotlib - DEBUG - platform is linux
2025-01-06 15:25:30 - matplotlib - DEBUG - CACHEDIR=/home/user/.cache/matplotlib
2025-01-06 15:25:30 - matplotlib.font_manager - DEBUG - Using fontManager instance from /home/user/.cache/matplotlib/fontlist-v390.json
2025-01-06 15:25:34 - Config.configuration - INFO - Dropped duplicates
2025-01-06 15:25:34 - Config.configuration - INFO - Encoded categorical variables
2025-01-06 15:25:34 - Config.configuration - INFO - Dropped unnecessary features
2025-01-06 15:25:34 - Config.configuration - INFO - Split data into train and test
2025-01-06 15:25:34 - Config.configuration - INFO - Split data into train and test
2025-01-06 15:25:34 - matplotlib.pyplot - DEBUG - Loaded backend qtagg version 5.15.10.
2025-01-06 15:25:34 - matplotlib.category - INFO - Using categorical units to plot a list of strings that are all parsable as floats or dates. If these strings should be plotted as numbers, cast to the appropriate data type before plotting.
2025-01-06 15:25:34 - matplotlib.category - INFO - Using categorical units to plot a list of strings that are all parsable as floats or dates. If these strings should be plotted as numbers, cast to the appropriate data type before plotting.
2025-01-06 15:25:36 - Config.configuration - INFO - Count plot is visualized
2025-01-06 15:25:36 - matplotlib.colorbar - DEBUG - locator: <matplotlib.ticker.AutoLocator object at 0x7d08cc98e1d0>
2025-01-06 15:25:36 - Config.configuration - INFO - Correlation matrix is visualized
2025-01-06 15:25:39 - Config.configuration - INFO - Histplots are visualized
2025-01-06 15:25:40 - Config.configuration - INFO - Box plot is visualized
2025-01-06 15:25:54 - Config.configuration - INFO - Pairplot is visualized
2025-01-06 15:25:54 - Config.configuration - INFO - Data sent into pipeline for training
2025-01-06 15:27:08 - Config.configuration - INFO - Hyperparameter tuning is completed after grid search finds the best parameters
2025-01-06 15:27:08 - Config.configuration - INFO - Training accuracy is calculated
2025-01-06 15:27:08 - Config.configuration - INFO - Model is evaluated with best parameters
2025-01-06 16:54:20 - werkzeug - INFO - [31m[1mWARNING: This is a development server. Do not use it in a production deployment. Use a production WSGI server instead.[0m
 * Running on http://127.0.0.1:5000
2025-01-06 16:54:20 - werkzeug - INFO - [33mPress CTRL+C to quit[0m
2025-01-06 16:54:20 - werkzeug - INFO -  * Restarting with stat
2025-01-06 16:54:20 - werkzeug - WARNING -  * Debugger is active!
2025-01-06 16:54:20 - werkzeug - INFO -  * Debugger PIN: 456-377-415
2025-01-06 16:55:48 - werkzeug - INFO - [31m[1mWARNING: This is a development server. Do not use it in a production deployment. Use a production WSGI server instead.[0m
 * Running on http://127.0.0.1:5000
2025-01-06 16:55:48 - werkzeug - INFO - [33mPress CTRL+C to quit[0m
2025-01-06 16:55:48 - werkzeug - INFO -  * Restarting with stat
2025-01-06 16:55:49 - werkzeug - WARNING -  * Debugger is active!
2025-01-06 16:55:49 - werkzeug - INFO -  * Debugger PIN: 456-377-415
2025-01-06 16:56:25 - modular.Config.configuration - INFO - Home page loaded
2025-01-06 16:56:25 - werkzeug - INFO - 127.0.0.1 - - [06/Jan/2025 16:56:25] "GET / HTTP/1.1" 200 -
2025-01-06 16:56:25 - werkzeug - INFO - 127.0.0.1 - - [06/Jan/2025 16:56:25] "GET /static/styles.css HTTP/1.1" 200 -
2025-01-06 16:56:50 - werkzeug - INFO - [31m[1mWARNING: This is a development server. Do not use it in a production deployment. Use a production WSGI server instead.[0m
 * Running on http://127.0.0.1:5000
2025-01-06 16:56:50 - werkzeug - INFO - [33mPress CTRL+C to quit[0m
2025-01-06 16:56:50 - werkzeug - INFO -  * Restarting with stat
2025-01-06 16:56:51 - werkzeug - WARNING -  * Debugger is active!
2025-01-06 16:56:51 - werkzeug - INFO -  * Debugger PIN: 456-377-415
